<?xml version="1.0" encoding="UTF-8"?>
<!-- Generated by org.testng.reporters.JUnitXMLReporter -->
<testsuite hostname="PMISHRA-LAPTOP" name="KUPDocCollection_FireFox" tests="3" failures="1" timestamp="9 May 2016 14:21:38 GMT" time="170.409" errors="0">
  <testcase name="BrowseToAddNewLeadPage" time="19.616" classname="orionLeadFlow.OrionLeadFlow"/>
  <testcase name="VerifyLeadInAdmisssionManager" time="42.093" classname="orionLeadFlow.OrionLeadFlow">
    <failure type="java.lang.AssertionError" message="expected [true] but found [false]">
      <![CDATA[java.lang.AssertionError: expected [true] but found [false]
	at orionLeadFlow.OrionLeadFlow.VerifyLeadInAdmisssionManager(OrionLeadFlow.java:303)
... Removed 28 stack frames]]>
    </failure>
  </testcase> <!-- VerifyLeadInAdmisssionManager -->
  <testcase name="CreateLead" time="58.913" classname="orionLeadFlow.OrionLeadFlow"/>
</testsuite> <!-- KUPDocCollection_FireFox -->
