<?xml version="1.0" encoding="UTF-8"?>
<!-- Generated by org.testng.reporters.JUnitXMLReporter -->
<testsuite hostname="PMISHRA-LAPTOP" name="Orion1CLS_FireFox" tests="10" failures="0" timestamp="21 Jun 2016 08:01:15 GMT" time="55.579" errors="0">
  <testcase name="@BeforeClass BeforeNavigation" time="0.0" classname="orionLeadFlow.OrionLeadFlow">
    <failure type="org.openqa.selenium.WebDriverException" message="Error communicating with the remote browser. It may have died.
Build info: version: &amp;apos;2.46.0&amp;apos;, revision: &amp;apos;87c69e2&amp;apos;, time: &amp;apos;2015-06-04 16:16:47&amp;apos;
System info: host: &amp;apos;PMISHRA-LAPTOP&amp;apos;, ip: &amp;apos;10.163.105.94&amp;apos;, os.name: &amp;apos;Windows 7&amp;apos;, os.arch: &amp;apos;x86&amp;apos;, os.version: &amp;apos;6.1&amp;apos;, java.version: &amp;apos;1.8.0_45&amp;apos;
Driver info: driver.version: EventFiringWebDriver
Command duration or timeout: 6.59 seconds
Build info: version: &amp;apos;2.46.0&amp;apos;, revision: &amp;apos;87c69e2&amp;apos;, time: &amp;apos;2015-06-04 16:16:47&amp;apos;
System info: host: &amp;apos;PMISHRA-LAPTOP&amp;apos;, ip: &amp;apos;10.163.105.94&amp;apos;, os.name: &amp;apos;Windows 7&amp;apos;, os.arch: &amp;apos;x86&amp;apos;, os.version: &amp;apos;6.1&amp;apos;, java.version: &amp;apos;1.8.0_45&amp;apos;
Driver info: org.openqa.selenium.remote.RemoteWebDriver
Capabilities [{applicationCacheEnabled=true, rotatable=false, handlesAlerts=true, databaseEnabled=true, version=35.0.1, platform=WINDOWS, nativeEvents=false, acceptSslCerts=true, webdriver.remote.sessionid=2683aa93-49b8-4182-873c-a354bb99a660, webStorageEnabled=true, locationContextEnabled=true, browserName=firefox, takesScreenshot=true, javascriptEnabled=true, cssSelectorsEnabled=true}]
Session ID: 2683aa93-49b8-4182-873c-a354bb99a660
*** Element info: {Using=css selector, value=frame#Orion,iframe#Orion}">
      <![CDATA[org.openqa.selenium.WebDriverException: Error communicating with the remote browser. It may have died.
Build info: version: '2.46.0', revision: '87c69e2', time: '2015-06-04 16:16:47'
System info: host: 'PMISHRA-LAPTOP', ip: '10.163.105.94', os.name: 'Windows 7', os.arch: 'x86', os.version: '6.1', java.version: '1.8.0_45'
Driver info: driver.version: EventFiringWebDriver
Command duration or timeout: 6.59 seconds
Build info: version: '2.46.0', revision: '87c69e2', time: '2015-06-04 16:16:47'
System info: host: 'PMISHRA-LAPTOP', ip: '10.163.105.94', os.name: 'Windows 7', os.arch: 'x86', os.version: '6.1', java.version: '1.8.0_45'
Driver info: org.openqa.selenium.remote.RemoteWebDriver
Capabilities [{applicationCacheEnabled=true, rotatable=false, handlesAlerts=true, databaseEnabled=true, version=35.0.1, platform=WINDOWS, nativeEvents=false, acceptSslCerts=true, webdriver.remote.sessionid=2683aa93-49b8-4182-873c-a354bb99a660, webStorageEnabled=true, locationContextEnabled=true, browserName=firefox, takesScreenshot=true, javascriptEnabled=true, cssSelectorsEnabled=true}]
Session ID: 2683aa93-49b8-4182-873c-a354bb99a660
*** Element info: {Using=css selector, value=frame#Orion,iframe#Orion}
	at org.openqa.selenium.remote.ErrorHandler.createThrowable(ErrorHandler.java:204)
	at org.openqa.selenium.remote.ErrorHandler.throwIfResponseFailed(ErrorHandler.java:156)
	at org.openqa.selenium.remote.RemoteWebDriver.execute(RemoteWebDriver.java:605)
	at org.openqa.selenium.remote.RemoteWebDriver.findElements(RemoteWebDriver.java:383)
	at org.openqa.selenium.remote.RemoteWebDriver.findElementsByCssSelector(RemoteWebDriver.java:451)
	at org.openqa.selenium.By$ByCssSelector.findElements(By.java:438)
	at org.openqa.selenium.remote.RemoteWebDriver.findElements(RemoteWebDriver.java:346)
	at org.openqa.selenium.remote.RemoteWebDriver$RemoteTargetLocator.frame(RemoteWebDriver.java:884)
	at orionLeadFlow.OrionLeadFlow.BeforeNavigation(OrionLeadFlow.java:165)
Caused by: org.openqa.selenium.remote.UnreachableBrowserException: Error communicating with the remote browser. It may have died.
Build info: version: '2.46.0', revision: '87c69e2', time: '2015-06-04 16:16:47'
System info: host: 'PMISHRA-LAPTOP', ip: '10.163.105.94', os.name: 'Windows 7', os.arch: 'x86', os.version: '6.1', java.version: '1.8.0_45'
Driver info: driver.version: EventFiringWebDriver
Build info: version: '2.46.0', revision: '87c69e2', time: '2015-06-04 16:16:47'
System info: host: 'PMISHRA-LAPTOP', ip: '10.163.105.94', os.name: 'Windows 7', os.arch: 'x86', os.version: '6.1', java.version: '1.8.0_45'
Driver info: driver.version: unknown
... Removed 28 stack frames]]>
    </failure>
  </testcase> <!-- @BeforeClass BeforeNavigation -->
  <testcase name="@AfterClass AfterNavigation" time="0.0" classname="orionLeadFlow.OrionLeadFlow">
    <skipped/>
  </testcase> <!-- @AfterClass AfterNavigation -->
  <testcase name="BrowseToAddNewLeadPage" time="0.01" classname="orionLeadFlow.OrionLeadFlow">
    <skipped/>
  </testcase> <!-- BrowseToAddNewLeadPage -->
  <testcase name="CreateLead" time="0.0" classname="orionLeadFlow.OrionLeadFlow">
    <skipped/>
  </testcase> <!-- CreateLead -->
  <testcase name="VerifyLeadInAdmisssionManager" time="0.0" classname="orionLeadFlow.OrionLeadFlow">
    <skipped/>
  </testcase> <!-- VerifyLeadInAdmisssionManager -->
  <testcase name="SaveContactInfo" time="0.0" classname="orionLeadFlow.OrionLeadFlow">
    <skipped/>
  </testcase> <!-- SaveContactInfo -->
  <testcase name="ProgresstoContacted" time="0.0" classname="orionLeadFlow.OrionLeadFlow">
    <skipped/>
  </testcase> <!-- ProgresstoContacted -->
  <testcase name="ProgressLeadtoIntScheduled" time="0.01" classname="orionLeadFlow.OrionLeadFlow">
    <skipped/>
  </testcase> <!-- ProgressLeadtoIntScheduled -->
  <testcase name="ProgressLeadtoIntComplete" time="0.0" classname="orionLeadFlow.OrionLeadFlow">
    <skipped/>
  </testcase> <!-- ProgressLeadtoIntComplete -->
  <testcase name="ProgressLeadtoExamPending" time="0.0" classname="orionLeadFlow.OrionLeadFlow">
    <skipped/>
  </testcase> <!-- ProgressLeadtoExamPending -->
  <testcase name="ProgressLeadtoExamReceived" time="0.0" classname="orionLeadFlow.OrionLeadFlow">
    <skipped/>
  </testcase> <!-- ProgressLeadtoExamReceived -->
  <testcase name="ProgressLeadPendingEnrollment" time="0.0" classname="orionLeadFlow.OrionLeadFlow">
    <skipped/>
  </testcase> <!-- ProgressLeadPendingEnrollment -->
</testsuite> <!-- Orion1CLS_FireFox -->
